Daemons already started! PIDS: 4724
/home/priyanka/.rvm/gems/ruby-2.1.2@ITKnowledgeTransfer/gems/activerecord-4.1.4/lib/active_record/connection_adapters/mysql2_adapter.rb:83:in `escape': closed MySQL connection (Mysql2::Error)
	from /home/priyanka/.rvm/gems/ruby-2.1.2@ITKnowledgeTransfer/gems/activerecord-4.1.4/lib/active_record/connection_adapters/mysql2_adapter.rb:83:in `quote_string'
	from /home/priyanka/.rvm/gems/ruby-2.1.2@ITKnowledgeTransfer/gems/activerecord-4.1.4/lib/active_record/connection_adapters/abstract/quoting.rb:21:in `quote'
	from /home/priyanka/.rvm/gems/ruby-2.1.2@ITKnowledgeTransfer/gems/activerecord-4.1.4/lib/active_record/connection_adapters/abstract_mysql_adapter.rb:266:in `quote'
	from /home/priyanka/.rvm/gems/ruby-2.1.2@ITKnowledgeTransfer/gems/arel-5.0.1.20140414130214/lib/arel/visitors/to_sql.rb:591:in `quote'
	from /home/priyanka/.rvm/gems/ruby-2.1.2@ITKnowledgeTransfer/gems/arel-5.0.1.20140414130214/lib/arel/visitors/to_sql.rb:558:in `quoted'
	from /home/priyanka/.rvm/gems/ruby-2.1.2@ITKnowledgeTransfer/gems/arel-5.0.1.20140414130214/lib/arel/visitors/visitor.rb:22:in `visit'
	from /home/priyanka/.rvm/gems/ruby-2.1.2@ITKnowledgeTransfer/gems/arel-5.0.1.20140414130214/lib/arel/visitors/to_sql.rb:515:in `visit_Arel_Nodes_Equality'
	from /home/priyanka/.rvm/gems/ruby-2.1.2@ITKnowledgeTransfer/gems/arel-5.0.1.20140414130214/lib/arel/visitors/visitor.rb:22:in `visit'
	from /home/priyanka/.rvm/gems/ruby-2.1.2@ITKnowledgeTransfer/gems/arel-5.0.1.20140414130214/lib/arel/visitors/to_sql.rb:496:in `block in visit_Arel_Nodes_And'
	from /home/priyanka/.rvm/gems/ruby-2.1.2@ITKnowledgeTransfer/gems/arel-5.0.1.20140414130214/lib/arel/visitors/to_sql.rb:496:in `map'
	from /home/priyanka/.rvm/gems/ruby-2.1.2@ITKnowledgeTransfer/gems/arel-5.0.1.20140414130214/lib/arel/visitors/to_sql.rb:496:in `visit_Arel_Nodes_And'
	from /home/priyanka/.rvm/gems/ruby-2.1.2@ITKnowledgeTransfer/gems/arel-5.0.1.20140414130214/lib/arel/visitors/visitor.rb:22:in `visit'
	from /home/priyanka/.rvm/gems/ruby-2.1.2@ITKnowledgeTransfer/gems/arel-5.0.1.20140414130214/lib/arel/visitors/mysql.rb:48:in `block in visit_Arel_Nodes_UpdateStatement'
	from /home/priyanka/.rvm/gems/ruby-2.1.2@ITKnowledgeTransfer/gems/arel-5.0.1.20140414130214/lib/arel/visitors/mysql.rb:48:in `map'
	from /home/priyanka/.rvm/gems/ruby-2.1.2@ITKnowledgeTransfer/gems/arel-5.0.1.20140414130214/lib/arel/visitors/mysql.rb:48:in `visit_Arel_Nodes_UpdateStatement'
	from /home/priyanka/.rvm/gems/ruby-2.1.2@ITKnowledgeTransfer/gems/arel-5.0.1.20140414130214/lib/arel/visitors/visitor.rb:22:in `visit'
	from /home/priyanka/.rvm/gems/ruby-2.1.2@ITKnowledgeTransfer/gems/arel-5.0.1.20140414130214/lib/arel/visitors/visitor.rb:5:in `accept'
	from /home/priyanka/.rvm/gems/ruby-2.1.2@ITKnowledgeTransfer/gems/arel-5.0.1.20140414130214/lib/arel/visitors/bind_visitor.rb:11:in `accept'
	from /home/priyanka/.rvm/gems/ruby-2.1.2@ITKnowledgeTransfer/gems/activerecord-4.1.4/lib/active_record/connection_adapters/abstract/database_statements.rb:13:in `to_sql'
	from /home/priyanka/.rvm/gems/ruby-2.1.2@ITKnowledgeTransfer/gems/activerecord-4.1.4/lib/active_record/connection_adapters/abstract/database_statements.rb:101:in `update'
	from /home/priyanka/.rvm/gems/ruby-2.1.2@ITKnowledgeTransfer/gems/activerecord-4.1.4/lib/active_record/connection_adapters/abstract/query_cache.rb:14:in `update'
	from /home/priyanka/.rvm/gems/ruby-2.1.2@ITKnowledgeTransfer/gems/activerecord-4.1.4/lib/active_record/relation.rb:326:in `update_all'
	from /home/priyanka/.rvm/gems/ruby-2.1.2@ITKnowledgeTransfer/gems/delayed_job_active_record-4.0.1/lib/delayed/backend/active_record.rb:40:in `clear_locks!'
	from /home/priyanka/.rvm/gems/ruby-2.1.2@ITKnowledgeTransfer/gems/delayed_job-4.0.2/lib/delayed/plugins/clear_locks.rb:9:in `block (2 levels) in <class:ClearLocks>'
	from /home/priyanka/.rvm/gems/ruby-2.1.2@ITKnowledgeTransfer/gems/delayed_job-4.0.2/lib/delayed/lifecycle.rb:78:in `call'
	from /home/priyanka/.rvm/gems/ruby-2.1.2@ITKnowledgeTransfer/gems/delayed_job-4.0.2/lib/delayed/lifecycle.rb:78:in `block (2 levels) in add'
	from /home/priyanka/.rvm/gems/ruby-2.1.2@ITKnowledgeTransfer/gems/delayed_job-4.0.2/lib/delayed/lifecycle.rb:60:in `call'
	from /home/priyanka/.rvm/gems/ruby-2.1.2@ITKnowledgeTransfer/gems/delayed_job-4.0.2/lib/delayed/lifecycle.rb:60:in `block in initialize'
	from /home/priyanka/.rvm/gems/ruby-2.1.2@ITKnowledgeTransfer/gems/delayed_job-4.0.2/lib/delayed/lifecycle.rb:78:in `call'
	from /home/priyanka/.rvm/gems/ruby-2.1.2@ITKnowledgeTransfer/gems/delayed_job-4.0.2/lib/delayed/lifecycle.rb:78:in `block in add'
	from /home/priyanka/.rvm/gems/ruby-2.1.2@ITKnowledgeTransfer/gems/delayed_job-4.0.2/lib/delayed/lifecycle.rb:65:in `call'
	from /home/priyanka/.rvm/gems/ruby-2.1.2@ITKnowledgeTransfer/gems/delayed_job-4.0.2/lib/delayed/lifecycle.rb:65:in `execute'
	from /home/priyanka/.rvm/gems/ruby-2.1.2@ITKnowledgeTransfer/gems/delayed_job-4.0.2/lib/delayed/lifecycle.rb:38:in `run_callbacks'
	from /home/priyanka/.rvm/gems/ruby-2.1.2@ITKnowledgeTransfer/gems/delayed_job-4.0.2/lib/delayed/worker.rb:150:in `start'
	from lib/background_job:13:in `start'
	from /home/priyanka/.rvm/gems/ruby-2.1.2@ITKnowledgeTransfer/gems/daemon-spawn-0.4.2/lib/daemon_spawn.rb:51:in `block in start'
	from /home/priyanka/.rvm/gems/ruby-2.1.2@ITKnowledgeTransfer/gems/daemon-spawn-0.4.2/lib/daemon_spawn.rb:38:in `fork'
	from /home/priyanka/.rvm/gems/ruby-2.1.2@ITKnowledgeTransfer/gems/daemon-spawn-0.4.2/lib/daemon_spawn.rb:38:in `start'
	from /home/priyanka/.rvm/gems/ruby-2.1.2@ITKnowledgeTransfer/gems/daemon-spawn-0.4.2/lib/daemon_spawn.rb:181:in `block in start'
	from /home/priyanka/.rvm/gems/ruby-2.1.2@ITKnowledgeTransfer/gems/daemon-spawn-0.4.2/lib/daemon_spawn.rb:181:in `map'
	from /home/priyanka/.rvm/gems/ruby-2.1.2@ITKnowledgeTransfer/gems/daemon-spawn-0.4.2/lib/daemon_spawn.rb:181:in `start'
	from /home/priyanka/.rvm/gems/ruby-2.1.2@ITKnowledgeTransfer/gems/daemon-spawn-0.4.2/lib/daemon_spawn.rb:165:in `spawn!'
	from lib/background_job:21:in `<main>'
Daemons already started! PIDS: 7788
/home/priyanka/.rvm/gems/ruby-2.1.2@ITKnowledgeTransfer/gems/activerecord-4.1.4/lib/active_record/connection_adapters/mysql2_adapter.rb:83:in `escape': closed MySQL connection (Mysql2::Error)
	from /home/priyanka/.rvm/gems/ruby-2.1.2@ITKnowledgeTransfer/gems/activerecord-4.1.4/lib/active_record/connection_adapters/mysql2_adapter.rb:83:in `quote_string'
	from /home/priyanka/.rvm/gems/ruby-2.1.2@ITKnowledgeTransfer/gems/activerecord-4.1.4/lib/active_record/connection_adapters/abstract/quoting.rb:21:in `quote'
	from /home/priyanka/.rvm/gems/ruby-2.1.2@ITKnowledgeTransfer/gems/activerecord-4.1.4/lib/active_record/connection_adapters/abstract_mysql_adapter.rb:266:in `quote'
	from /home/priyanka/.rvm/gems/ruby-2.1.2@ITKnowledgeTransfer/gems/arel-5.0.1.20140414130214/lib/arel/visitors/to_sql.rb:591:in `quote'
	from /home/priyanka/.rvm/gems/ruby-2.1.2@ITKnowledgeTransfer/gems/arel-5.0.1.20140414130214/lib/arel/visitors/to_sql.rb:558:in `quoted'
	from /home/priyanka/.rvm/gems/ruby-2.1.2@ITKnowledgeTransfer/gems/arel-5.0.1.20140414130214/lib/arel/visitors/visitor.rb:22:in `visit'
	from /home/priyanka/.rvm/gems/ruby-2.1.2@ITKnowledgeTransfer/gems/arel-5.0.1.20140414130214/lib/arel/visitors/to_sql.rb:515:in `visit_Arel_Nodes_Equality'
	from /home/priyanka/.rvm/gems/ruby-2.1.2@ITKnowledgeTransfer/gems/arel-5.0.1.20140414130214/lib/arel/visitors/visitor.rb:22:in `visit'
	from /home/priyanka/.rvm/gems/ruby-2.1.2@ITKnowledgeTransfer/gems/arel-5.0.1.20140414130214/lib/arel/visitors/to_sql.rb:496:in `block in visit_Arel_Nodes_And'
	from /home/priyanka/.rvm/gems/ruby-2.1.2@ITKnowledgeTransfer/gems/arel-5.0.1.20140414130214/lib/arel/visitors/to_sql.rb:496:in `map'
	from /home/priyanka/.rvm/gems/ruby-2.1.2@ITKnowledgeTransfer/gems/arel-5.0.1.20140414130214/lib/arel/visitors/to_sql.rb:496:in `visit_Arel_Nodes_And'
	from /home/priyanka/.rvm/gems/ruby-2.1.2@ITKnowledgeTransfer/gems/arel-5.0.1.20140414130214/lib/arel/visitors/visitor.rb:22:in `visit'
	from /home/priyanka/.rvm/gems/ruby-2.1.2@ITKnowledgeTransfer/gems/arel-5.0.1.20140414130214/lib/arel/visitors/mysql.rb:48:in `block in visit_Arel_Nodes_UpdateStatement'
	from /home/priyanka/.rvm/gems/ruby-2.1.2@ITKnowledgeTransfer/gems/arel-5.0.1.20140414130214/lib/arel/visitors/mysql.rb:48:in `map'
	from /home/priyanka/.rvm/gems/ruby-2.1.2@ITKnowledgeTransfer/gems/arel-5.0.1.20140414130214/lib/arel/visitors/mysql.rb:48:in `visit_Arel_Nodes_UpdateStatement'
	from /home/priyanka/.rvm/gems/ruby-2.1.2@ITKnowledgeTransfer/gems/arel-5.0.1.20140414130214/lib/arel/visitors/visitor.rb:22:in `visit'
	from /home/priyanka/.rvm/gems/ruby-2.1.2@ITKnowledgeTransfer/gems/arel-5.0.1.20140414130214/lib/arel/visitors/visitor.rb:5:in `accept'
	from /home/priyanka/.rvm/gems/ruby-2.1.2@ITKnowledgeTransfer/gems/arel-5.0.1.20140414130214/lib/arel/visitors/bind_visitor.rb:11:in `accept'
	from /home/priyanka/.rvm/gems/ruby-2.1.2@ITKnowledgeTransfer/gems/activerecord-4.1.4/lib/active_record/connection_adapters/abstract/database_statements.rb:13:in `to_sql'
	from /home/priyanka/.rvm/gems/ruby-2.1.2@ITKnowledgeTransfer/gems/activerecord-4.1.4/lib/active_record/connection_adapters/abstract/database_statements.rb:101:in `update'
	from /home/priyanka/.rvm/gems/ruby-2.1.2@ITKnowledgeTransfer/gems/activerecord-4.1.4/lib/active_record/connection_adapters/abstract/query_cache.rb:14:in `update'
	from /home/priyanka/.rvm/gems/ruby-2.1.2@ITKnowledgeTransfer/gems/activerecord-4.1.4/lib/active_record/relation.rb:326:in `update_all'
	from /home/priyanka/.rvm/gems/ruby-2.1.2@ITKnowledgeTransfer/gems/delayed_job_active_record-4.0.1/lib/delayed/backend/active_record.rb:40:in `clear_locks!'
	from /home/priyanka/.rvm/gems/ruby-2.1.2@ITKnowledgeTransfer/gems/delayed_job-4.0.2/lib/delayed/plugins/clear_locks.rb:9:in `block (2 levels) in <class:ClearLocks>'
	from /home/priyanka/.rvm/gems/ruby-2.1.2@ITKnowledgeTransfer/gems/delayed_job-4.0.2/lib/delayed/lifecycle.rb:78:in `call'
	from /home/priyanka/.rvm/gems/ruby-2.1.2@ITKnowledgeTransfer/gems/delayed_job-4.0.2/lib/delayed/lifecycle.rb:78:in `block (2 levels) in add'
	from /home/priyanka/.rvm/gems/ruby-2.1.2@ITKnowledgeTransfer/gems/delayed_job-4.0.2/lib/delayed/lifecycle.rb:60:in `call'
	from /home/priyanka/.rvm/gems/ruby-2.1.2@ITKnowledgeTransfer/gems/delayed_job-4.0.2/lib/delayed/lifecycle.rb:60:in `block in initialize'
	from /home/priyanka/.rvm/gems/ruby-2.1.2@ITKnowledgeTransfer/gems/delayed_job-4.0.2/lib/delayed/lifecycle.rb:78:in `call'
	from /home/priyanka/.rvm/gems/ruby-2.1.2@ITKnowledgeTransfer/gems/delayed_job-4.0.2/lib/delayed/lifecycle.rb:78:in `block in add'
	from /home/priyanka/.rvm/gems/ruby-2.1.2@ITKnowledgeTransfer/gems/delayed_job-4.0.2/lib/delayed/lifecycle.rb:65:in `call'
	from /home/priyanka/.rvm/gems/ruby-2.1.2@ITKnowledgeTransfer/gems/delayed_job-4.0.2/lib/delayed/lifecycle.rb:65:in `execute'
	from /home/priyanka/.rvm/gems/ruby-2.1.2@ITKnowledgeTransfer/gems/delayed_job-4.0.2/lib/delayed/lifecycle.rb:38:in `run_callbacks'
	from /home/priyanka/.rvm/gems/ruby-2.1.2@ITKnowledgeTransfer/gems/delayed_job-4.0.2/lib/delayed/worker.rb:150:in `start'
	from lib/background_job:13:in `start'
	from /home/priyanka/.rvm/gems/ruby-2.1.2@ITKnowledgeTransfer/gems/daemon-spawn-0.4.2/lib/daemon_spawn.rb:51:in `block in start'
	from /home/priyanka/.rvm/gems/ruby-2.1.2@ITKnowledgeTransfer/gems/daemon-spawn-0.4.2/lib/daemon_spawn.rb:38:in `fork'
	from /home/priyanka/.rvm/gems/ruby-2.1.2@ITKnowledgeTransfer/gems/daemon-spawn-0.4.2/lib/daemon_spawn.rb:38:in `start'
	from /home/priyanka/.rvm/gems/ruby-2.1.2@ITKnowledgeTransfer/gems/daemon-spawn-0.4.2/lib/daemon_spawn.rb:181:in `block in start'
	from /home/priyanka/.rvm/gems/ruby-2.1.2@ITKnowledgeTransfer/gems/daemon-spawn-0.4.2/lib/daemon_spawn.rb:181:in `map'
	from /home/priyanka/.rvm/gems/ruby-2.1.2@ITKnowledgeTransfer/gems/daemon-spawn-0.4.2/lib/daemon_spawn.rb:181:in `start'
	from /home/priyanka/.rvm/gems/ruby-2.1.2@ITKnowledgeTransfer/gems/daemon-spawn-0.4.2/lib/daemon_spawn.rb:165:in `spawn!'
	from lib/background_job:21:in `<main>'
Daemons already started! PIDS: 4582
/home/priyanka/.rvm/gems/ruby-2.1.2@ITKnowledgeTransfer/gems/activerecord-4.1.4/lib/active_record/connection_adapters/mysql2_adapter.rb:83:in `escape': closed MySQL connection (Mysql2::Error)
	from /home/priyanka/.rvm/gems/ruby-2.1.2@ITKnowledgeTransfer/gems/activerecord-4.1.4/lib/active_record/connection_adapters/mysql2_adapter.rb:83:in `quote_string'
	from /home/priyanka/.rvm/gems/ruby-2.1.2@ITKnowledgeTransfer/gems/activerecord-4.1.4/lib/active_record/connection_adapters/abstract/quoting.rb:21:in `quote'
	from /home/priyanka/.rvm/gems/ruby-2.1.2@ITKnowledgeTransfer/gems/activerecord-4.1.4/lib/active_record/connection_adapters/abstract_mysql_adapter.rb:266:in `quote'
	from /home/priyanka/.rvm/gems/ruby-2.1.2@ITKnowledgeTransfer/gems/arel-5.0.1.20140414130214/lib/arel/visitors/to_sql.rb:591:in `quote'
	from /home/priyanka/.rvm/gems/ruby-2.1.2@ITKnowledgeTransfer/gems/arel-5.0.1.20140414130214/lib/arel/visitors/to_sql.rb:558:in `quoted'
	from /home/priyanka/.rvm/gems/ruby-2.1.2@ITKnowledgeTransfer/gems/arel-5.0.1.20140414130214/lib/arel/visitors/visitor.rb:22:in `visit'
	from /home/priyanka/.rvm/gems/ruby-2.1.2@ITKnowledgeTransfer/gems/arel-5.0.1.20140414130214/lib/arel/visitors/to_sql.rb:515:in `visit_Arel_Nodes_Equality'
	from /home/priyanka/.rvm/gems/ruby-2.1.2@ITKnowledgeTransfer/gems/arel-5.0.1.20140414130214/lib/arel/visitors/visitor.rb:22:in `visit'
	from /home/priyanka/.rvm/gems/ruby-2.1.2@ITKnowledgeTransfer/gems/arel-5.0.1.20140414130214/lib/arel/visitors/to_sql.rb:496:in `block in visit_Arel_Nodes_And'
	from /home/priyanka/.rvm/gems/ruby-2.1.2@ITKnowledgeTransfer/gems/arel-5.0.1.20140414130214/lib/arel/visitors/to_sql.rb:496:in `map'
	from /home/priyanka/.rvm/gems/ruby-2.1.2@ITKnowledgeTransfer/gems/arel-5.0.1.20140414130214/lib/arel/visitors/to_sql.rb:496:in `visit_Arel_Nodes_And'
	from /home/priyanka/.rvm/gems/ruby-2.1.2@ITKnowledgeTransfer/gems/arel-5.0.1.20140414130214/lib/arel/visitors/visitor.rb:22:in `visit'
	from /home/priyanka/.rvm/gems/ruby-2.1.2@ITKnowledgeTransfer/gems/arel-5.0.1.20140414130214/lib/arel/visitors/mysql.rb:48:in `block in visit_Arel_Nodes_UpdateStatement'
	from /home/priyanka/.rvm/gems/ruby-2.1.2@ITKnowledgeTransfer/gems/arel-5.0.1.20140414130214/lib/arel/visitors/mysql.rb:48:in `map'
	from /home/priyanka/.rvm/gems/ruby-2.1.2@ITKnowledgeTransfer/gems/arel-5.0.1.20140414130214/lib/arel/visitors/mysql.rb:48:in `visit_Arel_Nodes_UpdateStatement'
	from /home/priyanka/.rvm/gems/ruby-2.1.2@ITKnowledgeTransfer/gems/arel-5.0.1.20140414130214/lib/arel/visitors/visitor.rb:22:in `visit'
	from /home/priyanka/.rvm/gems/ruby-2.1.2@ITKnowledgeTransfer/gems/arel-5.0.1.20140414130214/lib/arel/visitors/visitor.rb:5:in `accept'
	from /home/priyanka/.rvm/gems/ruby-2.1.2@ITKnowledgeTransfer/gems/arel-5.0.1.20140414130214/lib/arel/visitors/bind_visitor.rb:11:in `accept'
	from /home/priyanka/.rvm/gems/ruby-2.1.2@ITKnowledgeTransfer/gems/activerecord-4.1.4/lib/active_record/connection_adapters/abstract/database_statements.rb:13:in `to_sql'
	from /home/priyanka/.rvm/gems/ruby-2.1.2@ITKnowledgeTransfer/gems/activerecord-4.1.4/lib/active_record/connection_adapters/abstract/database_statements.rb:101:in `update'
	from /home/priyanka/.rvm/gems/ruby-2.1.2@ITKnowledgeTransfer/gems/activerecord-4.1.4/lib/active_record/connection_adapters/abstract/query_cache.rb:14:in `update'
	from /home/priyanka/.rvm/gems/ruby-2.1.2@ITKnowledgeTransfer/gems/activerecord-4.1.4/lib/active_record/relation.rb:326:in `update_all'
	from /home/priyanka/.rvm/gems/ruby-2.1.2@ITKnowledgeTransfer/gems/delayed_job_active_record-4.0.1/lib/delayed/backend/active_record.rb:40:in `clear_locks!'
	from /home/priyanka/.rvm/gems/ruby-2.1.2@ITKnowledgeTransfer/gems/delayed_job-4.0.2/lib/delayed/plugins/clear_locks.rb:9:in `block (2 levels) in <class:ClearLocks>'
	from /home/priyanka/.rvm/gems/ruby-2.1.2@ITKnowledgeTransfer/gems/delayed_job-4.0.2/lib/delayed/lifecycle.rb:78:in `call'
	from /home/priyanka/.rvm/gems/ruby-2.1.2@ITKnowledgeTransfer/gems/delayed_job-4.0.2/lib/delayed/lifecycle.rb:78:in `block (2 levels) in add'
	from /home/priyanka/.rvm/gems/ruby-2.1.2@ITKnowledgeTransfer/gems/delayed_job-4.0.2/lib/delayed/lifecycle.rb:60:in `call'
	from /home/priyanka/.rvm/gems/ruby-2.1.2@ITKnowledgeTransfer/gems/delayed_job-4.0.2/lib/delayed/lifecycle.rb:60:in `block in initialize'
	from /home/priyanka/.rvm/gems/ruby-2.1.2@ITKnowledgeTransfer/gems/delayed_job-4.0.2/lib/delayed/lifecycle.rb:78:in `call'
	from /home/priyanka/.rvm/gems/ruby-2.1.2@ITKnowledgeTransfer/gems/delayed_job-4.0.2/lib/delayed/lifecycle.rb:78:in `block in add'
	from /home/priyanka/.rvm/gems/ruby-2.1.2@ITKnowledgeTransfer/gems/delayed_job-4.0.2/lib/delayed/lifecycle.rb:65:in `call'
	from /home/priyanka/.rvm/gems/ruby-2.1.2@ITKnowledgeTransfer/gems/delayed_job-4.0.2/lib/delayed/lifecycle.rb:65:in `execute'
	from /home/priyanka/.rvm/gems/ruby-2.1.2@ITKnowledgeTransfer/gems/delayed_job-4.0.2/lib/delayed/lifecycle.rb:38:in `run_callbacks'
	from /home/priyanka/.rvm/gems/ruby-2.1.2@ITKnowledgeTransfer/gems/delayed_job-4.0.2/lib/delayed/worker.rb:150:in `start'
	from lib/background_job:13:in `start'
	from /home/priyanka/.rvm/gems/ruby-2.1.2@ITKnowledgeTransfer/gems/daemon-spawn-0.4.2/lib/daemon_spawn.rb:51:in `block in start'
	from /home/priyanka/.rvm/gems/ruby-2.1.2@ITKnowledgeTransfer/gems/daemon-spawn-0.4.2/lib/daemon_spawn.rb:38:in `fork'
	from /home/priyanka/.rvm/gems/ruby-2.1.2@ITKnowledgeTransfer/gems/daemon-spawn-0.4.2/lib/daemon_spawn.rb:38:in `start'
	from /home/priyanka/.rvm/gems/ruby-2.1.2@ITKnowledgeTransfer/gems/daemon-spawn-0.4.2/lib/daemon_spawn.rb:181:in `block in start'
	from /home/priyanka/.rvm/gems/ruby-2.1.2@ITKnowledgeTransfer/gems/daemon-spawn-0.4.2/lib/daemon_spawn.rb:181:in `map'
	from /home/priyanka/.rvm/gems/ruby-2.1.2@ITKnowledgeTransfer/gems/daemon-spawn-0.4.2/lib/daemon_spawn.rb:181:in `start'
	from /home/priyanka/.rvm/gems/ruby-2.1.2@ITKnowledgeTransfer/gems/daemon-spawn-0.4.2/lib/daemon_spawn.rb:165:in `spawn!'
	from lib/background_job:21:in `<main>'
