Aug 05, 2014 11:46:16 AM org.apache.solr.servlet.SolrDispatchFilter init
INFO: SolrDispatchFilter.init()
Aug 05, 2014 11:46:16 AM org.apache.solr.core.SolrResourceLoader locateSolrHome
INFO: JNDI not configured for solr (NoInitialContextEx)
Aug 05, 2014 11:46:16 AM org.apache.solr.core.SolrResourceLoader locateSolrHome
INFO: using system property solr.solr.home: /home/priyanka/work/ITKnowledgeTransfer/solr
Aug 05, 2014 11:46:16 AM org.apache.solr.core.CoreContainer$Initializer initialize
INFO: looking for solr.xml: /home/priyanka/work/ITKnowledgeTransfer/solr/solr.xml
Aug 05, 2014 11:46:16 AM org.apache.solr.core.CoreContainer <init>
INFO: New CoreContainer 1053750594
Aug 05, 2014 11:46:16 AM org.apache.solr.core.CoreContainer load
INFO: Loading CoreContainer using Solr Home: '/home/priyanka/work/ITKnowledgeTransfer/solr/'
Aug 05, 2014 11:46:16 AM org.apache.solr.core.SolrResourceLoader <init>
INFO: new SolrResourceLoader for directory: '/home/priyanka/work/ITKnowledgeTransfer/solr/'
Aug 05, 2014 11:46:16 AM org.apache.solr.handler.component.HttpShardHandlerFactory getParameter
INFO: Setting socketTimeout to: 0
Aug 05, 2014 11:46:16 AM org.apache.solr.handler.component.HttpShardHandlerFactory getParameter
INFO: Setting urlScheme to: http://
Aug 05, 2014 11:46:16 AM org.apache.solr.handler.component.HttpShardHandlerFactory getParameter
INFO: Setting connTimeout to: 0
Aug 05, 2014 11:46:16 AM org.apache.solr.handler.component.HttpShardHandlerFactory getParameter
INFO: Setting maxConnectionsPerHost to: 20
Aug 05, 2014 11:46:16 AM org.apache.solr.handler.component.HttpShardHandlerFactory getParameter
INFO: Setting corePoolSize to: 0
Aug 05, 2014 11:46:16 AM org.apache.solr.handler.component.HttpShardHandlerFactory getParameter
INFO: Setting maximumPoolSize to: 2147483647
Aug 05, 2014 11:46:16 AM org.apache.solr.handler.component.HttpShardHandlerFactory getParameter
INFO: Setting maxThreadIdleTime to: 5
Aug 05, 2014 11:46:16 AM org.apache.solr.handler.component.HttpShardHandlerFactory getParameter
INFO: Setting sizeOfQueue to: -1
Aug 05, 2014 11:46:16 AM org.apache.solr.handler.component.HttpShardHandlerFactory getParameter
INFO: Setting fairnessPolicy to: false
Aug 05, 2014 11:46:16 AM org.apache.solr.client.solrj.impl.HttpClientUtil createClient
INFO: Creating new http client, config:maxConnectionsPerHost=20&maxConnections=10000&socketTimeout=0&connTimeout=0&retry=false
Aug 05, 2014 11:46:16 AM org.apache.solr.core.CoreContainer load
INFO: Registering Log Listener
Aug 05, 2014 11:46:16 AM org.apache.solr.core.CoreContainer create
INFO: Creating SolrCore 'default' using instanceDir: /home/priyanka/work/ITKnowledgeTransfer/solr/.
Aug 05, 2014 11:46:16 AM org.apache.solr.core.SolrResourceLoader <init>
INFO: new SolrResourceLoader for directory: '/home/priyanka/work/ITKnowledgeTransfer/solr/./'
Aug 05, 2014 11:46:16 AM org.apache.solr.core.CoreContainer create
INFO: Creating SolrCore 'development' using instanceDir: /home/priyanka/work/ITKnowledgeTransfer/solr/.
Aug 05, 2014 11:46:16 AM org.apache.solr.core.CoreContainer create
INFO: Creating SolrCore 'test' using instanceDir: /home/priyanka/work/ITKnowledgeTransfer/solr/.
Aug 05, 2014 11:46:16 AM org.apache.solr.core.SolrResourceLoader <init>
INFO: new SolrResourceLoader for directory: '/home/priyanka/work/ITKnowledgeTransfer/solr/./'
Aug 05, 2014 11:46:16 AM org.apache.solr.core.SolrResourceLoader <init>
INFO: new SolrResourceLoader for directory: '/home/priyanka/work/ITKnowledgeTransfer/solr/./'
Aug 05, 2014 11:46:17 AM org.apache.solr.core.SolrConfig <init>
INFO: Using Lucene MatchVersion: LUCENE_41
Aug 05, 2014 11:46:17 AM org.apache.solr.core.SolrConfig <init>
INFO: Using Lucene MatchVersion: LUCENE_41
Aug 05, 2014 11:46:17 AM org.apache.solr.core.SolrConfig <init>
INFO: Using Lucene MatchVersion: LUCENE_41
Aug 05, 2014 11:46:17 AM org.apache.solr.core.SolrConfig <init>
INFO: Loaded SolrConfig: solrconfig.xml
Aug 05, 2014 11:46:17 AM org.apache.solr.schema.IndexSchema readSchema
INFO: Reading Solr Schema
Aug 05, 2014 11:46:17 AM org.apache.solr.core.SolrConfig <init>
INFO: Loaded SolrConfig: solrconfig.xml
Aug 05, 2014 11:46:17 AM org.apache.solr.schema.IndexSchema readSchema
INFO: Reading Solr Schema
Aug 05, 2014 11:46:17 AM org.apache.solr.core.SolrConfig <init>
INFO: Loaded SolrConfig: solrconfig.xml
Aug 05, 2014 11:46:17 AM org.apache.solr.schema.IndexSchema readSchema
INFO: Reading Solr Schema
Aug 05, 2014 11:46:17 AM org.apache.solr.schema.IndexSchema readSchema
INFO: Schema name=sunspot
Aug 05, 2014 11:46:17 AM org.apache.solr.schema.IndexSchema readSchema
INFO: Schema name=sunspot
Aug 05, 2014 11:46:17 AM org.apache.solr.schema.IndexSchema readSchema
INFO: Schema name=sunspot
Aug 05, 2014 11:46:17 AM org.apache.solr.schema.IndexSchema readSchema
INFO: default search field in schema is text
Aug 05, 2014 11:46:17 AM org.apache.solr.schema.IndexSchema readSchema
INFO: query parser default operator is AND
Aug 05, 2014 11:46:17 AM org.apache.solr.schema.IndexSchema readSchema
INFO: unique key field: id
Aug 05, 2014 11:46:17 AM org.apache.solr.schema.IndexSchema readSchema
INFO: default search field in schema is text
Aug 05, 2014 11:46:17 AM org.apache.solr.schema.IndexSchema readSchema
INFO: default search field in schema is text
Aug 05, 2014 11:46:17 AM org.apache.solr.schema.IndexSchema readSchema
INFO: query parser default operator is AND
Aug 05, 2014 11:46:17 AM org.apache.solr.schema.IndexSchema readSchema
INFO: query parser default operator is AND
Aug 05, 2014 11:46:17 AM org.apache.solr.schema.IndexSchema readSchema
INFO: unique key field: id
Aug 05, 2014 11:46:17 AM org.apache.solr.schema.IndexSchema readSchema
INFO: unique key field: id
Aug 05, 2014 11:46:17 AM org.apache.solr.core.SolrCore <init>
INFO: [default] Opening new SolrCore at /home/priyanka/work/ITKnowledgeTransfer/solr/./, dataDir=/home/priyanka/work/ITKnowledgeTransfer/solr/./default/data/
Aug 05, 2014 11:46:17 AM org.apache.solr.core.SolrCore <init>
INFO: [test] Opening new SolrCore at /home/priyanka/work/ITKnowledgeTransfer/solr/./, dataDir=/home/priyanka/work/ITKnowledgeTransfer/solr/./test/data/
Aug 05, 2014 11:46:17 AM org.apache.solr.core.SolrCore <init>
INFO: [development] Opening new SolrCore at /home/priyanka/work/ITKnowledgeTransfer/solr/./, dataDir=/home/priyanka/work/ITKnowledgeTransfer/solr/./development/data/
Aug 05, 2014 11:46:17 AM org.apache.solr.core.SolrCore <init>
INFO: JMX monitoring not detected for core: test
Aug 05, 2014 11:46:17 AM org.apache.solr.core.SolrCore <init>
INFO: JMX monitoring not detected for core: default
Aug 05, 2014 11:46:17 AM org.apache.solr.core.SolrCore <init>
INFO: JMX monitoring not detected for core: development
Aug 05, 2014 11:46:17 AM org.apache.solr.core.SolrCore initDirectoryFactory
INFO: solr.NRTCachingDirectoryFactory
Aug 05, 2014 11:46:17 AM org.apache.solr.core.SolrCore initDirectoryFactory
INFO: solr.NRTCachingDirectoryFactory
Aug 05, 2014 11:46:17 AM org.apache.solr.core.SolrCore initDirectoryFactory
INFO: solr.NRTCachingDirectoryFactory
Aug 05, 2014 11:46:17 AM org.apache.solr.core.CachingDirectoryFactory get
INFO: return new directory for /home/priyanka/work/ITKnowledgeTransfer/solr/./development/data forceNew: false
Aug 05, 2014 11:46:17 AM org.apache.solr.core.CachingDirectoryFactory get
INFO: return new directory for /home/priyanka/work/ITKnowledgeTransfer/solr/./test/data forceNew: false
Aug 05, 2014 11:46:17 AM org.apache.solr.core.CachingDirectoryFactory get
INFO: return new directory for /home/priyanka/work/ITKnowledgeTransfer/solr/./default/data forceNew: false
Aug 05, 2014 11:46:17 AM org.apache.solr.core.SolrCore getNewIndexDir
INFO: New index directory detected: old=null new=/home/priyanka/work/ITKnowledgeTransfer/solr/./test/data/index/
Aug 05, 2014 11:46:17 AM org.apache.solr.core.SolrCore getNewIndexDir
INFO: New index directory detected: old=null new=/home/priyanka/work/ITKnowledgeTransfer/solr/./development/data/index/
Aug 05, 2014 11:46:17 AM org.apache.solr.core.CachingDirectoryFactory get
INFO: return new directory for /home/priyanka/work/ITKnowledgeTransfer/solr/./test/data/index forceNew: false
Aug 05, 2014 11:46:17 AM org.apache.solr.core.SolrCore getNewIndexDir
INFO: New index directory detected: old=null new=/home/priyanka/work/ITKnowledgeTransfer/solr/./default/data/index/
Aug 05, 2014 11:46:17 AM org.apache.solr.core.CachingDirectoryFactory get
INFO: return new directory for /home/priyanka/work/ITKnowledgeTransfer/solr/./development/data/index forceNew: false
Aug 05, 2014 11:46:17 AM org.apache.solr.core.CachingDirectoryFactory get
INFO: return new directory for /home/priyanka/work/ITKnowledgeTransfer/solr/./default/data/index forceNew: false
Aug 05, 2014 11:46:17 AM org.apache.solr.core.RequestHandlers initHandlersFromConfig
INFO: created /select: solr.SearchHandler
Aug 05, 2014 11:46:17 AM org.apache.solr.core.RequestHandlers initHandlersFromConfig
INFO: created /query: solr.SearchHandler
Aug 05, 2014 11:46:17 AM org.apache.solr.core.RequestHandlers initHandlersFromConfig
INFO: created /select: solr.SearchHandler
Aug 05, 2014 11:46:17 AM org.apache.solr.core.RequestHandlers initHandlersFromConfig
INFO: created /select: solr.SearchHandler
Aug 05, 2014 11:46:17 AM org.apache.solr.core.RequestHandlers initHandlersFromConfig
INFO: created /query: solr.SearchHandler
Aug 05, 2014 11:46:17 AM org.apache.solr.core.RequestHandlers initHandlersFromConfig
INFO: created /query: solr.SearchHandler
Aug 05, 2014 11:46:17 AM org.apache.solr.core.RequestHandlers initHandlersFromConfig
INFO: created /get: solr.RealTimeGetHandler
Aug 05, 2014 11:46:17 AM org.apache.solr.core.RequestHandlers initHandlersFromConfig
INFO: created /get: solr.RealTimeGetHandler
Aug 05, 2014 11:46:17 AM org.apache.solr.core.RequestHandlers initHandlersFromConfig
INFO: created /get: solr.RealTimeGetHandler
Aug 05, 2014 11:46:17 AM org.apache.solr.core.RequestHandlers initHandlersFromConfig
INFO: created /update: solr.UpdateRequestHandler
Aug 05, 2014 11:46:17 AM org.apache.solr.core.RequestHandlers initHandlersFromConfig
INFO: created /update: solr.UpdateRequestHandler
Aug 05, 2014 11:46:17 AM org.apache.solr.core.RequestHandlers initHandlersFromConfig
INFO: created /update: solr.UpdateRequestHandler
Aug 05, 2014 11:46:17 AM org.apache.solr.core.RequestHandlers initHandlersFromConfig
INFO: created /update/json: solr.JsonUpdateRequestHandler
Aug 05, 2014 11:46:17 AM org.apache.solr.core.RequestHandlers initHandlersFromConfig
INFO: created /update/json: solr.JsonUpdateRequestHandler
Aug 05, 2014 11:46:17 AM org.apache.solr.core.RequestHandlers initHandlersFromConfig
INFO: created /update/json: solr.JsonUpdateRequestHandler
Aug 05, 2014 11:46:17 AM org.apache.solr.core.RequestHandlers initHandlersFromConfig
INFO: created /update/csv: solr.CSVRequestHandler
Aug 05, 2014 11:46:17 AM org.apache.solr.core.RequestHandlers initHandlersFromConfig
INFO: created /update/csv: solr.CSVRequestHandler
Aug 05, 2014 11:46:17 AM org.apache.solr.core.RequestHandlers initHandlersFromConfig
INFO: created /update/csv: solr.CSVRequestHandler
Aug 05, 2014 11:46:17 AM org.apache.solr.core.RequestHandlers initHandlersFromConfig
INFO: adding lazy requestHandler: solr.extraction.ExtractingRequestHandler
Aug 05, 2014 11:46:17 AM org.apache.solr.core.RequestHandlers initHandlersFromConfig
INFO: adding lazy requestHandler: solr.extraction.ExtractingRequestHandler
Aug 05, 2014 11:46:17 AM org.apache.solr.core.RequestHandlers initHandlersFromConfig
INFO: adding lazy requestHandler: solr.extraction.ExtractingRequestHandler
Aug 05, 2014 11:46:17 AM org.apache.solr.core.RequestHandlers initHandlersFromConfig
INFO: created /update/extract: solr.extraction.ExtractingRequestHandler
Aug 05, 2014 11:46:17 AM org.apache.solr.core.RequestHandlers initHandlersFromConfig
INFO: created /update/extract: solr.extraction.ExtractingRequestHandler
Aug 05, 2014 11:46:17 AM org.apache.solr.core.RequestHandlers initHandlersFromConfig
INFO: adding lazy requestHandler: solr.FieldAnalysisRequestHandler
Aug 05, 2014 11:46:17 AM org.apache.solr.core.RequestHandlers initHandlersFromConfig
INFO: created /update/extract: solr.extraction.ExtractingRequestHandler
Aug 05, 2014 11:46:17 AM org.apache.solr.core.RequestHandlers initHandlersFromConfig
INFO: created /analysis/field: solr.FieldAnalysisRequestHandler
Aug 05, 2014 11:46:17 AM org.apache.solr.core.RequestHandlers initHandlersFromConfig
INFO: adding lazy requestHandler: solr.FieldAnalysisRequestHandler
Aug 05, 2014 11:46:17 AM org.apache.solr.core.RequestHandlers initHandlersFromConfig
INFO: adding lazy requestHandler: solr.DocumentAnalysisRequestHandler
Aug 05, 2014 11:46:17 AM org.apache.solr.core.RequestHandlers initHandlersFromConfig
INFO: adding lazy requestHandler: solr.FieldAnalysisRequestHandler
Aug 05, 2014 11:46:17 AM org.apache.solr.core.RequestHandlers initHandlersFromConfig
INFO: created /analysis/document: solr.DocumentAnalysisRequestHandler
Aug 05, 2014 11:46:17 AM org.apache.solr.core.RequestHandlers initHandlersFromConfig
INFO: created /analysis/field: solr.FieldAnalysisRequestHandler
Aug 05, 2014 11:46:17 AM org.apache.solr.core.RequestHandlers initHandlersFromConfig
INFO: created /analysis/field: solr.FieldAnalysisRequestHandler
Aug 05, 2014 11:46:17 AM org.apache.solr.core.RequestHandlers initHandlersFromConfig
INFO: adding lazy requestHandler: solr.DocumentAnalysisRequestHandler
Aug 05, 2014 11:46:17 AM org.apache.solr.core.RequestHandlers initHandlersFromConfig
INFO: adding lazy requestHandler: solr.DocumentAnalysisRequestHandler
Aug 05, 2014 11:46:17 AM org.apache.solr.core.RequestHandlers initHandlersFromConfig
INFO: created /admin/ping: solr.PingRequestHandler
Aug 05, 2014 11:46:17 AM org.apache.solr.core.RequestHandlers initHandlersFromConfig
INFO: created /analysis/document: solr.DocumentAnalysisRequestHandler
Aug 05, 2014 11:46:17 AM org.apache.solr.core.RequestHandlers initHandlersFromConfig
INFO: created /analysis/document: solr.DocumentAnalysisRequestHandler
Aug 05, 2014 11:46:17 AM org.apache.solr.core.RequestHandlers initHandlersFromConfig
INFO: created /admin/ping: solr.PingRequestHandler
Aug 05, 2014 11:46:17 AM org.apache.solr.core.RequestHandlers initHandlersFromConfig
INFO: created /debug/dump: solr.DumpRequestHandler
Aug 05, 2014 11:46:17 AM org.apache.solr.core.RequestHandlers initHandlersFromConfig
INFO: created /admin/ping: solr.PingRequestHandler
Aug 05, 2014 11:46:17 AM org.apache.solr.core.RequestHandlers initHandlersFromConfig
INFO: created /debug/dump: solr.DumpRequestHandler
Aug 05, 2014 11:46:17 AM org.apache.solr.core.RequestHandlers initHandlersFromConfig
INFO: created /debug/dump: solr.DumpRequestHandler
Aug 05, 2014 11:46:17 AM org.apache.solr.core.RequestHandlers initHandlersFromConfig
INFO: created /replication: solr.ReplicationHandler
Aug 05, 2014 11:46:17 AM org.apache.solr.core.RequestHandlers initHandlersFromConfig
INFO: created /replication: solr.ReplicationHandler
Aug 05, 2014 11:46:17 AM org.apache.solr.core.RequestHandlers initHandlersFromConfig
INFO: created /replication: solr.ReplicationHandler
Aug 05, 2014 11:46:17 AM org.apache.solr.core.RequestHandlers initHandlersFromConfig
INFO: created /mlt: solr.MoreLikeThisHandler
Aug 05, 2014 11:46:17 AM org.apache.solr.core.RequestHandlers initHandlersFromConfig
INFO: created /mlt: solr.MoreLikeThisHandler
Aug 05, 2014 11:46:17 AM org.apache.solr.core.RequestHandlers initHandlersFromConfig
INFO: created /mlt: solr.MoreLikeThisHandler
Aug 05, 2014 11:46:17 AM org.apache.solr.core.RequestHandlers initHandlersFromConfig
INFO: created /admin/: solr.admin.AdminHandlers
Aug 05, 2014 11:46:17 AM org.apache.solr.core.RequestHandlers initHandlersFromConfig
INFO: created /admin/: solr.admin.AdminHandlers
Aug 05, 2014 11:46:17 AM org.apache.solr.core.RequestHandlers initHandlersFromConfig
INFO: created /admin/: solr.admin.AdminHandlers
Aug 05, 2014 11:46:17 AM org.apache.solr.handler.loader.XMLLoader init
INFO: xsltCacheLifetimeSeconds=60
Aug 05, 2014 11:46:17 AM org.apache.solr.handler.loader.XMLLoader init
INFO: xsltCacheLifetimeSeconds=60
Aug 05, 2014 11:46:17 AM org.apache.solr.handler.loader.XMLLoader init
INFO: xsltCacheLifetimeSeconds=60
Aug 05, 2014 11:46:17 AM org.apache.solr.handler.loader.XMLLoader init
INFO: xsltCacheLifetimeSeconds=60
Aug 05, 2014 11:46:17 AM org.apache.solr.handler.loader.XMLLoader init
INFO: xsltCacheLifetimeSeconds=60
Aug 05, 2014 11:46:17 AM org.apache.solr.handler.loader.XMLLoader init
INFO: xsltCacheLifetimeSeconds=60
Aug 05, 2014 11:46:17 AM org.apache.solr.handler.loader.XMLLoader init
INFO: xsltCacheLifetimeSeconds=60
Aug 05, 2014 11:46:17 AM org.apache.solr.handler.loader.XMLLoader init
INFO: xsltCacheLifetimeSeconds=60
Aug 05, 2014 11:46:17 AM org.apache.solr.handler.loader.XMLLoader init
INFO: xsltCacheLifetimeSeconds=60
Aug 05, 2014 11:46:17 AM org.apache.solr.search.SolrIndexSearcher <init>
INFO: Opening Searcher@645dd2c1 main
Aug 05, 2014 11:46:17 AM org.apache.solr.search.SolrIndexSearcher <init>
INFO: Opening Searcher@32e89e0 main
Aug 05, 2014 11:46:17 AM org.apache.solr.update.CommitTracker <init>
INFO: Hard AutoCommit: if uncommited for 15000ms; 
Aug 05, 2014 11:46:17 AM org.apache.solr.update.CommitTracker <init>
INFO: Hard AutoCommit: if uncommited for 15000ms; 
Aug 05, 2014 11:46:17 AM org.apache.solr.update.CommitTracker <init>
INFO: Soft AutoCommit: if uncommited for 5000ms; 
Aug 05, 2014 11:46:17 AM org.apache.solr.handler.component.SpellCheckComponent inform
INFO: Initializing spell checkers
Aug 05, 2014 11:46:17 AM org.apache.solr.update.CommitTracker <init>
INFO: Soft AutoCommit: if uncommited for 5000ms; 
Aug 05, 2014 11:46:17 AM org.apache.solr.handler.component.SpellCheckComponent inform
INFO: Initializing spell checkers
Aug 05, 2014 11:46:17 AM org.apache.solr.spelling.DirectSolrSpellChecker init
INFO: init: {name=default,field=name,classname=solr.DirectSolrSpellChecker,distanceMeasure=internal,accuracy=0.5,maxEdits=2,minPrefix=1,maxInspections=5,minQueryLength=4,maxQueryFrequency=0.01}
Aug 05, 2014 11:46:17 AM org.apache.solr.spelling.DirectSolrSpellChecker init
INFO: init: {name=default,field=name,classname=solr.DirectSolrSpellChecker,distanceMeasure=internal,accuracy=0.5,maxEdits=2,minPrefix=1,maxInspections=5,minQueryLength=4,maxQueryFrequency=0.01}
Aug 05, 2014 11:46:17 AM org.apache.solr.handler.component.SpellCheckComponent inform
INFO: No queryConverter defined, using default converter
Aug 05, 2014 11:46:17 AM org.apache.solr.handler.component.SpellCheckComponent inform
INFO: No queryConverter defined, using default converter
Aug 05, 2014 11:46:17 AM org.apache.solr.search.SolrIndexSearcher <init>
INFO: Opening Searcher@e65bb84 main
Aug 05, 2014 11:46:17 AM org.apache.solr.handler.ReplicationHandler inform
INFO: Commits will be reserved for  10000
Aug 05, 2014 11:46:17 AM org.apache.solr.handler.ReplicationHandler inform
INFO: Commits will be reserved for  10000
Aug 05, 2014 11:46:17 AM org.apache.solr.core.SolrCore registerSearcher
INFO: [test] Registered new searcher Searcher@32e89e0 main{StandardDirectoryReader(segments_1:1)}
Aug 05, 2014 11:46:17 AM org.apache.solr.core.SolrCore registerSearcher
INFO: [default] Registered new searcher Searcher@645dd2c1 main{StandardDirectoryReader(segments_1:1)}
Aug 05, 2014 11:46:17 AM org.apache.solr.update.CommitTracker <init>
INFO: Hard AutoCommit: if uncommited for 15000ms; 
Aug 05, 2014 11:46:17 AM org.apache.solr.core.CoreContainer registerCore
INFO: registering core: test
Aug 05, 2014 11:46:17 AM org.apache.solr.core.CoreContainer registerCore
INFO: registering core: default
Aug 05, 2014 11:46:17 AM org.apache.solr.update.CommitTracker <init>
INFO: Soft AutoCommit: if uncommited for 5000ms; 
Aug 05, 2014 11:46:17 AM org.apache.solr.handler.component.SpellCheckComponent inform
INFO: Initializing spell checkers
Aug 05, 2014 11:46:17 AM org.apache.solr.spelling.DirectSolrSpellChecker init
INFO: init: {name=default,field=name,classname=solr.DirectSolrSpellChecker,distanceMeasure=internal,accuracy=0.5,maxEdits=2,minPrefix=1,maxInspections=5,minQueryLength=4,maxQueryFrequency=0.01}
Aug 05, 2014 11:46:17 AM org.apache.solr.handler.component.SpellCheckComponent inform
INFO: No queryConverter defined, using default converter
Aug 05, 2014 11:46:17 AM org.apache.solr.handler.ReplicationHandler inform
INFO: Commits will be reserved for  10000
Aug 05, 2014 11:46:17 AM org.apache.solr.core.SolrCore registerSearcher
INFO: [development] Registered new searcher Searcher@e65bb84 main{StandardDirectoryReader(segments_1i:186 _1h(4.2):C48/25 _1i(4.2):C44/20 _1m(4.2):C1)}
Aug 05, 2014 11:46:17 AM org.apache.solr.core.CoreContainer registerCore
INFO: registering core: development
Aug 05, 2014 11:46:17 AM org.apache.solr.servlet.SolrDispatchFilter init
INFO: user.dir=/home/priyanka/.rvm/gems/ruby-2.1.2@ITKnowledgeTransfer/gems/sunspot_solr-2.1.1/solr
Aug 05, 2014 11:46:17 AM org.apache.solr.servlet.SolrDispatchFilter init
INFO: SolrDispatchFilter.init() done
Aug 05, 2014 11:46:22 AM org.apache.solr.core.SolrDeletionPolicy onInit
INFO: SolrDeletionPolicy.onInit: commits:num=1
	commit{dir=NRTCachingDirectory(org.apache.lucene.store.MMapDirectory@/home/priyanka/work/ITKnowledgeTransfer/solr/development/data/index lockFactory=org.apache.lucene.store.NativeFSLockFactory@6a1dadaa; maxCacheMB=48.0 maxMergeSizeMB=4.0),segFN=segments_1i,generation=54,filenames=[_1m_Lucene41_0.tip, _1h.fnm, _1m_Lucene41_0.pos, _1i_Lucene41_0.doc, _1h.fdt, _1m.nvd, segments_1i, _1m.si, _1h.nvd, _1i_Lucene41_0.pos, _1i.fdt, _1m.nvm, _1m.fdt, _1h.nvm, _1h_Lucene41_0.tim, _1m.fdx, _1i.fdx, _1h_Lucene41_0.tip, _1i_Lucene41_0.tip, _1i.fnm, _1i_Lucene41_0.tim, _1m_Lucene41_0.doc, _1h_2.del, _1i_1.del, _1h_Lucene41_0.pos, _1h.si, _1i.nvm, _1h_Lucene41_0.doc, _1m.fnm, _1i.nvd, _1h.fdx, _1i.si, _1m_Lucene41_0.tim]
Aug 05, 2014 11:46:22 AM org.apache.solr.core.SolrDeletionPolicy updateCommits
INFO: newest commit = 54[_1m_Lucene41_0.tip, _1h.fnm, _1m_Lucene41_0.pos, _1i_Lucene41_0.doc, _1h.fdt, _1m.nvd, segments_1i, _1m.si, _1h.nvd, _1i_Lucene41_0.pos, _1i.fdt, _1m.nvm, _1m.fdt, _1h.nvm, _1h_Lucene41_0.tim, _1m.fdx, _1i.fdx, _1h_Lucene41_0.tip, _1i_Lucene41_0.tip, _1i.fnm, _1i_Lucene41_0.tim, _1m_Lucene41_0.doc, _1h_2.del, _1i_1.del, _1h_Lucene41_0.pos, _1h.si, _1i.nvm, _1h_Lucene41_0.doc, _1m.fnm, _1i.nvd, _1h.fdx, _1i.si, _1m_Lucene41_0.tim]
Aug 05, 2014 11:46:22 AM org.apache.solr.update.processor.LogUpdateProcessor finish
INFO: [development] webapp=/solr path=/update params={wt=ruby} {add=[User 1 (1475576470955884544)]} 0 111
Aug 05, 2014 11:46:22 AM org.apache.solr.update.processor.LogUpdateProcessor finish
INFO: [development] webapp=/solr path=/update params={wt=ruby} {add=[User 2 (1475576471158259712)]} 0 1
Aug 05, 2014 11:46:22 AM org.apache.solr.update.processor.LogUpdateProcessor finish
INFO: [development] webapp=/solr path=/update params={wt=ruby} {add=[User 3 (1475576471247388672)]} 0 2
Aug 05, 2014 11:46:22 AM org.apache.solr.update.processor.LogUpdateProcessor finish
INFO: [development] webapp=/solr path=/update params={wt=ruby} {add=[User 4 (1475576471343857664)]} 0 1
Aug 05, 2014 11:46:22 AM org.apache.solr.update.processor.LogUpdateProcessor finish
INFO: [development] webapp=/solr path=/update params={wt=ruby} {add=[User 4 (1475576471394189312)]} 0 1
Aug 05, 2014 11:46:22 AM org.apache.solr.update.processor.LogUpdateProcessor finish
INFO: [development] webapp=/solr path=/update params={wt=ruby} {add=[Article 1 (1475576471398383616)]} 0 2
Aug 05, 2014 11:46:22 AM org.apache.solr.update.processor.LogUpdateProcessor finish
INFO: [development] webapp=/solr path=/update params={wt=ruby} {add=[User 2 (1475576471435083776)]} 0 1
Aug 05, 2014 11:46:22 AM org.apache.solr.update.processor.LogUpdateProcessor finish
INFO: [development] webapp=/solr path=/update params={wt=ruby} {add=[Article 2 (1475576471439278080)]} 0 1
Aug 05, 2014 11:46:22 AM org.apache.solr.update.processor.LogUpdateProcessor finish
INFO: [development] webapp=/solr path=/update params={wt=ruby} {add=[User 1 (1475576471469686784)]} 0 1
Aug 05, 2014 11:46:22 AM org.apache.solr.update.processor.LogUpdateProcessor finish
INFO: [development] webapp=/solr path=/update params={wt=ruby} {add=[Article 3 (1475576471472832512)]} 0 1
Aug 05, 2014 11:46:22 AM org.apache.solr.update.processor.LogUpdateProcessor finish
INFO: [development] webapp=/solr path=/update params={wt=ruby} {add=[User 3 (1475576471504289792)]} 0 1
Aug 05, 2014 11:46:22 AM org.apache.solr.update.processor.LogUpdateProcessor finish
INFO: [development] webapp=/solr path=/update params={wt=ruby} {add=[Article 4 (1475576471508484096)]} 0 2
Aug 05, 2014 11:46:22 AM org.apache.solr.update.processor.LogUpdateProcessor finish
INFO: [development] webapp=/solr path=/update params={wt=ruby} {add=[User 4 (1475576471538892800)]} 0 1
Aug 05, 2014 11:46:22 AM org.apache.solr.update.processor.LogUpdateProcessor finish
INFO: [development] webapp=/solr path=/update params={wt=ruby} {add=[Article 5 (1475576471543087104)]} 0 2
Aug 05, 2014 11:46:22 AM org.apache.solr.update.processor.LogUpdateProcessor finish
INFO: [development] webapp=/solr path=/update params={wt=ruby} {add=[User 4 (1475576471580835840)]} 0 2
Aug 05, 2014 11:46:22 AM org.apache.solr.update.processor.LogUpdateProcessor finish
INFO: [development] webapp=/solr path=/update params={wt=ruby} {add=[Blog 1 (1475576471586078720)]} 0 2
Aug 05, 2014 11:46:22 AM org.apache.solr.update.processor.LogUpdateProcessor finish
INFO: [development] webapp=/solr path=/update params={wt=ruby} {add=[User 2 (1475576471629070336)]} 0 4
Aug 05, 2014 11:46:22 AM org.apache.solr.update.processor.LogUpdateProcessor finish
INFO: [development] webapp=/solr path=/update params={wt=ruby} {add=[Blog 2 (1475576471640604672)]} 0 5
Aug 05, 2014 11:46:22 AM org.apache.solr.update.processor.LogUpdateProcessor finish
INFO: [development] webapp=/solr path=/update params={wt=ruby} {add=[User 4 (1475576471690936320)]} 0 3
Aug 05, 2014 11:46:22 AM org.apache.solr.update.processor.LogUpdateProcessor finish
INFO: [development] webapp=/solr path=/update params={wt=ruby} {add=[Blog 3 (1475576471701422080)]} 0 5
Aug 05, 2014 11:46:23 AM org.apache.solr.update.processor.LogUpdateProcessor finish
INFO: [development] webapp=/solr path=/update params={wt=ruby} {add=[User 1 (1475576471752802304)]} 0 3
Aug 05, 2014 11:46:23 AM org.apache.solr.update.processor.LogUpdateProcessor finish
INFO: [development] webapp=/solr path=/update params={wt=ruby} {add=[Blog 4 (1475576471758045184)]} 0 1
Aug 05, 2014 11:46:23 AM org.apache.solr.update.processor.LogUpdateProcessor finish
INFO: [development] webapp=/solr path=/update params={wt=ruby} {add=[User 1 (1475576471793696768)]} 0 1
Aug 05, 2014 11:46:23 AM org.apache.solr.update.processor.LogUpdateProcessor finish
INFO: [development] webapp=/solr path=/update params={wt=ruby} {add=[Blog 5 (1475576471796842496)]} 0 1
Aug 05, 2014 11:46:23 AM org.apache.solr.update.processor.LogUpdateProcessor finish
INFO: [development] webapp=/solr path=/update params={wt=ruby} {add=[User 2 (1475576471833542656)]} 0 1
Aug 05, 2014 11:46:23 AM org.apache.solr.update.processor.LogUpdateProcessor finish
INFO: [development] webapp=/solr path=/update params={wt=ruby} {add=[Question 1 (1475576471837736960)]} 0 1
Aug 05, 2014 11:46:23 AM org.apache.solr.update.processor.LogUpdateProcessor finish
INFO: [development] webapp=/solr path=/update params={wt=ruby} {add=[User 3 (1475576471873388544)]} 0 1
Aug 05, 2014 11:46:23 AM org.apache.solr.update.processor.LogUpdateProcessor finish
INFO: [development] webapp=/solr path=/update params={wt=ruby} {add=[Question 2 (1475576471876534272)]} 0 1
Aug 05, 2014 11:46:23 AM org.apache.solr.update.processor.LogUpdateProcessor finish
INFO: [development] webapp=/solr path=/update params={wt=ruby} {add=[User 1 (1475576471909040128)]} 0 1
Aug 05, 2014 11:46:23 AM org.apache.solr.update.processor.LogUpdateProcessor finish
INFO: [development] webapp=/solr path=/update params={wt=ruby} {add=[Question 3 (1475576471912185856)]} 0 1
Aug 05, 2014 11:46:23 AM org.apache.solr.update.processor.LogUpdateProcessor finish
INFO: [development] webapp=/solr path=/update params={wt=ruby} {add=[User 2 (1475576471942594560)]} 0 1
Aug 05, 2014 11:46:23 AM org.apache.solr.update.processor.LogUpdateProcessor finish
INFO: [development] webapp=/solr path=/update params={wt=ruby} {add=[Question 4 (1475576471945740288)]} 0 1
Aug 05, 2014 11:46:23 AM org.apache.solr.update.processor.LogUpdateProcessor finish
INFO: [development] webapp=/solr path=/update params={wt=ruby} {add=[User 3 (1475576471978246144)]} 0 1
Aug 05, 2014 11:46:23 AM org.apache.solr.update.processor.LogUpdateProcessor finish
INFO: [development] webapp=/solr path=/update params={wt=ruby} {add=[Question 5 (1475576471981391872)]} 0 1
Aug 05, 2014 11:46:23 AM org.apache.solr.update.processor.LogUpdateProcessor finish
INFO: [development] webapp=/solr path=/update params={wt=ruby} {add=[User 4 (1475576472024383488)]} 0 2
Aug 05, 2014 11:46:23 AM org.apache.solr.update.processor.LogUpdateProcessor finish
INFO: [development] webapp=/solr path=/update params={wt=ruby} {add=[CodeSnippet 1 (1475576472033820672)]} 0 2
Aug 05, 2014 11:46:23 AM org.apache.solr.update.processor.LogUpdateProcessor finish
INFO: [development] webapp=/solr path=/update params={wt=ruby} {add=[User 4 (1475576472076812288)]} 0 3
Aug 05, 2014 11:46:23 AM org.apache.solr.update.processor.LogUpdateProcessor finish
INFO: [development] webapp=/solr path=/update params={wt=ruby} {add=[CodeSnippet 2 (1475576472087298048)]} 0 4
Aug 05, 2014 11:46:23 AM org.apache.solr.update.processor.LogUpdateProcessor finish
INFO: [development] webapp=/solr path=/update params={wt=ruby} {add=[User 2 (1475576472138678272)]} 0 3
Aug 05, 2014 11:46:23 AM org.apache.solr.update.processor.LogUpdateProcessor finish
INFO: [development] webapp=/solr path=/update params={wt=ruby} {add=[CodeSnippet 3 (1475576472149164032)]} 0 3
Aug 05, 2014 11:46:23 AM org.apache.solr.update.processor.LogUpdateProcessor finish
INFO: [development] webapp=/solr path=/update params={wt=ruby} {add=[User 4 (1475576472211030016)]} 0 1
Aug 05, 2014 11:46:23 AM org.apache.solr.update.processor.LogUpdateProcessor finish
INFO: [development] webapp=/solr path=/update params={wt=ruby} {add=[CodeSnippet 4 (1475576472214175744)]} 0 1
Aug 05, 2014 11:46:23 AM org.apache.solr.update.processor.LogUpdateProcessor finish
INFO: [development] webapp=/solr path=/update params={wt=ruby} {add=[User 2 (1475576472249827328)]} 0 1
Aug 05, 2014 11:46:23 AM org.apache.solr.update.processor.LogUpdateProcessor finish
INFO: [development] webapp=/solr path=/update params={wt=ruby} {add=[CodeSnippet 5 (1475576472252973056)]} 0 1
Aug 05, 2014 11:46:27 AM org.apache.solr.update.DirectUpdateHandler2 commit
INFO: start commit{,optimize=false,openSearcher=true,waitSearcher=true,expungeDeletes=false,softCommit=true,prepareCommit=false}
Aug 05, 2014 11:46:27 AM org.apache.solr.search.SolrIndexSearcher <init>
INFO: Opening Searcher@1202600d main
Aug 05, 2014 11:46:27 AM org.apache.solr.update.DirectUpdateHandler2 commit
INFO: end_commit_flush
Aug 05, 2014 11:46:27 AM org.apache.solr.core.SolrCore registerSearcher
INFO: [development] Registered new searcher Searcher@1202600d main{StandardDirectoryReader(segments_1i:190:nrt _1h(4.2):C48/25 _1m(4.2):C1 _1n(4.2):C44/20)}
Aug 05, 2014 11:46:37 AM org.apache.solr.update.DirectUpdateHandler2 commit
INFO: start commit{,optimize=false,openSearcher=false,waitSearcher=true,expungeDeletes=false,softCommit=false,prepareCommit=false}
Aug 05, 2014 11:46:37 AM org.apache.solr.core.SolrDeletionPolicy onCommit
INFO: SolrDeletionPolicy.onCommit: commits:num=2
	commit{dir=NRTCachingDirectory(org.apache.lucene.store.MMapDirectory@/home/priyanka/work/ITKnowledgeTransfer/solr/development/data/index lockFactory=org.apache.lucene.store.NativeFSLockFactory@6a1dadaa; maxCacheMB=48.0 maxMergeSizeMB=4.0),segFN=segments_1i,generation=54,filenames=[_1m_Lucene41_0.tip, _1h.fnm, _1m_Lucene41_0.pos, _1i_Lucene41_0.doc, _1h.fdt, _1m.nvd, segments_1i, _1m.si, _1h.nvd, _1i_Lucene41_0.pos, _1i.fdt, _1m.nvm, _1m.fdt, _1h.nvm, _1h_Lucene41_0.tim, _1m.fdx, _1i.fdx, _1h_Lucene41_0.tip, _1i_Lucene41_0.tip, _1i.fnm, _1i_Lucene41_0.tim, _1m_Lucene41_0.doc, _1h_2.del, _1i_1.del, _1h_Lucene41_0.pos, _1h.si, _1i.nvm, _1h_Lucene41_0.doc, _1m.fnm, _1i.nvd, _1h.fdx, _1i.si, _1m_Lucene41_0.tim]
	commit{dir=NRTCachingDirectory(org.apache.lucene.store.MMapDirectory@/home/priyanka/work/ITKnowledgeTransfer/solr/development/data/index lockFactory=org.apache.lucene.store.NativeFSLockFactory@6a1dadaa; maxCacheMB=48.0 maxMergeSizeMB=4.0),segFN=segments_1j,generation=55,filenames=[_1m_Lucene41_0.tip, _1n.si, _1h.fnm, segments_1j, _1m_Lucene41_0.pos, _1h.fdt, _1m.nvd, _1n.nvm, _1n_Lucene41_0.doc, _1m.si, _1h.nvd, _1n_Lucene41_0.tim, _1n.nvd, _1n_Lucene41_0.pos, _1m.nvm, _1n_Lucene41_0.tip, _1n_1.del, _1m.fdt, _1h.nvm, _1h_Lucene41_0.tim, _1m.fdx, _1h_Lucene41_0.tip, _1m_Lucene41_0.doc, _1h_2.del, _1n.fdx, _1h_Lucene41_0.pos, _1h.si, _1h_Lucene41_0.doc, _1m.fnm, _1h.fdx, _1n.fdt, _1n.fnm, _1m_Lucene41_0.tim]
Aug 05, 2014 11:46:37 AM org.apache.solr.core.SolrDeletionPolicy updateCommits
INFO: newest commit = 55[_1m_Lucene41_0.tip, _1n.si, _1h.fnm, segments_1j, _1m_Lucene41_0.pos, _1h.fdt, _1m.nvd, _1n.nvm, _1n_Lucene41_0.doc, _1m.si, _1h.nvd, _1n_Lucene41_0.tim, _1n.nvd, _1n_Lucene41_0.pos, _1m.nvm, _1n_Lucene41_0.tip, _1n_1.del, _1m.fdt, _1h.nvm, _1h_Lucene41_0.tim, _1m.fdx, _1h_Lucene41_0.tip, _1m_Lucene41_0.doc, _1h_2.del, _1n.fdx, _1h_Lucene41_0.pos, _1h.si, _1h_Lucene41_0.doc, _1m.fnm, _1h.fdx, _1n.fdt, _1n.fnm, _1m_Lucene41_0.tim]
Aug 05, 2014 11:46:37 AM org.apache.solr.update.DirectUpdateHandler2 commit
INFO: end_commit_flush
